<?xml version="1.0" encoding="UTF-8"?>
<!-- Generated by org.testng.reporters.JUnitXMLReporter -->
<testsuite hostname="DESKTOP-OB6MLR4" ignored="0" name="netBankingApp Test(failed)" tests="3" failures="2" timestamp="27 Sep 2020 13:40:12 GMT" time="45.213" errors="0">
  <testcase name="LoginDDT" time="6.778" classname="com.netBankingApp.TestCases.TC_LoginDDT_002">
    <failure type="java.lang.AssertionError" message="expected [true] but found [false]">
      <![CDATA[java.lang.AssertionError: expected [true] but found [false]
at com.netBankingApp.TestCases.TC_LoginDDT_002.LoginDDT(TC_LoginDDT_002.java:30)
... Removed 29 stack frames]]>
    </failure>
  </testcase> <!-- LoginDDT -->
  <testcase name="LoginDDT" time="5.82" classname="com.netBankingApp.TestCases.TC_LoginDDT_002">
    <failure type="java.lang.AssertionError" message="expected [true] but found [false]">
      <![CDATA[java.lang.AssertionError: expected [true] but found [false]
at com.netBankingApp.TestCases.TC_LoginDDT_002.LoginDDT(TC_LoginDDT_002.java:30)
... Removed 29 stack frames]]>
    </failure>
  </testcase> <!-- LoginDDT -->
  <testcase name="loginTest" time="1.646" classname="com.netBankingApp.TestCases.TC_LoginTest_001"/>
</testsuite> <!-- netBankingApp Test(failed) -->
