<?xml version="1.0" encoding="UTF-8"?>
<!-- Generated by org.testng.reporters.JUnitReportReporter -->
<testsuite skipped="2" hostname="DESKTOP-OB6MLR4" name="com.netBankingApp.TestCases.TC_LoginDDT_002" tests="3" failures="0" timestamp="29 Sep 2020 05:42:55 GMT" time="16.252" errors="1">
  <testcase name="LoginDDT" time="0.000" classname="com.netBankingApp.TestCases.TC_LoginDDT_002">
    <skipped/>
  </testcase> <!-- LoginDDT -->
  <testcase name="LoginDDT" time="0.000" classname="com.netBankingApp.TestCases.TC_LoginDDT_002">
    <skipped/>
  </testcase> <!-- LoginDDT -->
  <testcase name="setup" time="16.252" classname="com.netBankingApp.TestCases.TC_LoginDDT_002">
    <error type="org.openqa.selenium.WebDriverException" message="unknown error: Chrome failed to start: exited normally.
  (chrome not reachable)
  (The process started from chrome location C:\Program Files (x86)\Google\Chrome\Application\chrome.exe is no longer running, so ChromeDriver is assuming that Chrome has crashed.)
Build info: version: &#039;3.141.59&#039;, revision: &#039;e82be7d358&#039;, time: &#039;2018-11-14T08:17:03&#039;
System info: host: &#039;DESKTOP-OB6MLR4&#039;, ip: &#039;192.168.0.101&#039;, os.name: &#039;Windows 8.1&#039;, os.arch: &#039;amd64&#039;, os.version: &#039;6.3&#039;, java.version: &#039;1.8.0_25&#039;
Driver info: driver.version: ChromeDriver
remote stacktrace: Backtrace:
	Ordinal0 [0x0126D383+3134339]
	Ordinal0 [0x0115A171+2007409]
	Ordinal0 [0x00FFAEE8+569064]
	Ordinal0 [0x00F7D721+55073]
	Ordinal0 [0x00FA0DFC+200188]
	Ordinal0 [0x00FA0C1D+199709]
	Ordinal0 [0x00F9EB0B+191243]
	Ordinal0 [0x00F82E77+77431]
	Ordinal0 [0x00F83E3E+81470]
	Ordinal0 [0x00F83DC9+81353]
	Ordinal0 [0x01170CD9+2100441]
	GetHandleVerifier [0x013DB75A+1396954]
	GetHandleVerifier [0x013DB3D9+1396057]
	GetHandleVerifier [0x013E7126+1444518]
	GetHandleVerifier [0x013DBCE8+1398376]
	Ordinal0 [0x01167F51+2064209]
	Ordinal0 [0x011722EB+2106091]
	Ordinal0 [0x01172411+2106385]
	Ordinal0 [0x011849C4+2181572]
	BaseThreadInitThunk [0x75416359+25]
	RtlGetAppContainerNamedObjectPath [0x77297C24+228]
	RtlGetAppContainerNamedObjectPath [0x77297BF4+180]
">
      <![CDATA[org.openqa.selenium.WebDriverException: unknown error: Chrome failed to start: exited normally.
  (chrome not reachable)
  (The process started from chrome location C:\Program Files (x86)\Google\Chrome\Application\chrome.exe is no longer running, so ChromeDriver is assuming that Chrome has crashed.)
Build info: version: '3.141.59', revision: 'e82be7d358', time: '2018-11-14T08:17:03'
System info: host: 'DESKTOP-OB6MLR4', ip: '192.168.0.101', os.name: 'Windows 8.1', os.arch: 'amd64', os.version: '6.3', java.version: '1.8.0_25'
Driver info: driver.version: ChromeDriver
remote stacktrace: Backtrace:
Ordinal0 [0x0126D383+3134339]
Ordinal0 [0x0115A171+2007409]
Ordinal0 [0x00FFAEE8+569064]
Ordinal0 [0x00F7D721+55073]
Ordinal0 [0x00FA0DFC+200188]
Ordinal0 [0x00FA0C1D+199709]
Ordinal0 [0x00F9EB0B+191243]
Ordinal0 [0x00F82E77+77431]
Ordinal0 [0x00F83E3E+81470]
Ordinal0 [0x00F83DC9+81353]
Ordinal0 [0x01170CD9+2100441]
GetHandleVerifier [0x013DB75A+1396954]
GetHandleVerifier [0x013DB3D9+1396057]
GetHandleVerifier [0x013E7126+1444518]
GetHandleVerifier [0x013DBCE8+1398376]
Ordinal0 [0x01167F51+2064209]
Ordinal0 [0x011722EB+2106091]
Ordinal0 [0x01172411+2106385]
Ordinal0 [0x011849C4+2181572]
BaseThreadInitThunk [0x75416359+25]
RtlGetAppContainerNamedObjectPath [0x77297C24+228]
RtlGetAppContainerNamedObjectPath [0x77297BF4+180]

at sun.reflect.NativeConstructorAccessorImpl.newInstance0(Native Method)
at sun.reflect.NativeConstructorAccessorImpl.newInstance(NativeConstructorAccessorImpl.java:62)
at sun.reflect.DelegatingConstructorAccessorImpl.newInstance(DelegatingConstructorAccessorImpl.java:45)
at java.lang.reflect.Constructor.newInstance(Constructor.java:408)
at org.openqa.selenium.remote.W3CHandshakeResponse.lambda$errorHandler$0(W3CHandshakeResponse.java:62)
at org.openqa.selenium.remote.W3CHandshakeResponse$$Lambda$207/1204481453.apply(Unknown Source)
at org.openqa.selenium.remote.HandshakeResponse.lambda$getResponseFunction$0(HandshakeResponse.java:30)
at org.openqa.selenium.remote.HandshakeResponse$$Lambda$202/548554586.apply(Unknown Source)
at org.openqa.selenium.remote.ProtocolHandshake.lambda$createSession$0(ProtocolHandshake.java:126)
at org.openqa.selenium.remote.ProtocolHandshake$$Lambda$203/702025003.apply(Unknown Source)
at java.util.stream.ReferencePipeline$3$1.accept(ReferencePipeline.java:193)
at java.util.Spliterators$ArraySpliterator.tryAdvance(Spliterators.java:958)
at java.util.stream.ReferencePipeline.forEachWithCancel(ReferencePipeline.java:126)
at java.util.stream.AbstractPipeline.copyIntoWithCancel(AbstractPipeline.java:529)
at java.util.stream.AbstractPipeline.copyInto(AbstractPipeline.java:516)
at java.util.stream.AbstractPipeline.wrapAndCopyInto(AbstractPipeline.java:502)
at java.util.stream.FindOps$FindOp.evaluateSequential(FindOps.java:152)
at java.util.stream.AbstractPipeline.evaluate(AbstractPipeline.java:234)
at java.util.stream.ReferencePipeline.findFirst(ReferencePipeline.java:464)
at org.openqa.selenium.remote.ProtocolHandshake.createSession(ProtocolHandshake.java:128)
at org.openqa.selenium.remote.ProtocolHandshake.createSession(ProtocolHandshake.java:74)
at org.openqa.selenium.remote.HttpCommandExecutor.execute(HttpCommandExecutor.java:136)
at org.openqa.selenium.remote.service.DriverCommandExecutor.execute(DriverCommandExecutor.java:83)
at org.openqa.selenium.remote.RemoteWebDriver.execute(RemoteWebDriver.java:552)
at org.openqa.selenium.remote.RemoteWebDriver.startSession(RemoteWebDriver.java:213)
at org.openqa.selenium.remote.RemoteWebDriver.<init>(RemoteWebDriver.java:131)
at org.openqa.selenium.chrome.ChromeDriver.<init>(ChromeDriver.java:181)
at org.openqa.selenium.chrome.ChromeDriver.<init>(ChromeDriver.java:168)
at org.openqa.selenium.chrome.ChromeDriver.<init>(ChromeDriver.java:157)
at com.netBankingApp.TestCases.BaseClass.setup(BaseClass.java:58)
at sun.reflect.NativeMethodAccessorImpl.invoke0(Native Method)
at sun.reflect.NativeMethodAccessorImpl.invoke(NativeMethodAccessorImpl.java:62)
at sun.reflect.DelegatingMethodAccessorImpl.invoke(DelegatingMethodAccessorImpl.java:43)
at java.lang.reflect.Method.invoke(Method.java:483)
at org.testng.internal.MethodInvocationHelper.invokeMethod(MethodInvocationHelper.java:124)
at org.testng.internal.MethodInvocationHelper.invokeMethodConsideringTimeout(MethodInvocationHelper.java:59)
at org.testng.internal.Invoker.invokeConfigurationMethod(Invoker.java:458)
at org.testng.internal.Invoker.invokeConfigurations(Invoker.java:222)
at org.testng.internal.Invoker.invokeConfigurations(Invoker.java:142)
at org.testng.internal.TestMethodWorker.invokeBeforeClassMethods(TestMethodWorker.java:168)
at org.testng.internal.TestMethodWorker.run(TestMethodWorker.java:105)
at org.testng.TestRunner.privateRun(TestRunner.java:648)
at org.testng.TestRunner.run(TestRunner.java:505)
at org.testng.SuiteRunner.runTest(SuiteRunner.java:455)
at org.testng.SuiteRunner.runSequentially(SuiteRunner.java:450)
at org.testng.SuiteRunner.privateRun(SuiteRunner.java:415)
at org.testng.SuiteRunner.run(SuiteRunner.java:364)
at org.testng.SuiteRunnerWorker.runSuite(SuiteRunnerWorker.java:52)
at org.testng.SuiteRunnerWorker.run(SuiteRunnerWorker.java:84)
at org.testng.TestNG.runSuitesSequentially(TestNG.java:1208)
at org.testng.TestNG.runSuitesLocally(TestNG.java:1137)
at org.testng.TestNG.runSuites(TestNG.java:1049)
at org.testng.TestNG.run(TestNG.java:1017)
at org.testng.remote.AbstractRemoteTestNG.run(AbstractRemoteTestNG.java:115)
at org.testng.remote.RemoteTestNG.initAndRun(RemoteTestNG.java:251)
at org.testng.remote.RemoteTestNG.main(RemoteTestNG.java:77)
]]>
    </error>
  </testcase> <!-- setup -->
</testsuite> <!-- com.netBankingApp.TestCases.TC_LoginDDT_002 -->
